app/build/outputs/logs/manifest-merger-free-debug-report.txt
-- Merging decision tree log ---
manifest
ADDED from src\main\AndroidManifest.xml:18:1-141:12
	package
		ADDED from src\main\AndroidManifest.xml:20:5-39
		INJECTED from src\main\AndroidManifest.xml
		ADDED from src\main\AndroidManifest.xml:20:5-39
		INJECTED from src\free\AndroidManifest.xml
	android:versionName
		INJECTED from src\main\AndroidManifest.xml
		ADDED from src\main\AndroidManifest.xml:18:1-141:12
		INJECTED from src\free\AndroidManifest.xml
	xmlns:android
		ADDED from src\main\AndroidManifest.xml:18:11-69
	android:versionCode
		INJECTED from src\main\AndroidManifest.xml
		ADDED from src\main\AndroidManifest.xml:18:1-141:12
		INJECTED from src\free\AndroidManifest.xml
	android:installLocation
		ADDED from src\main\AndroidManifest.xml:19:5-35
		ADDED from src\main\AndroidManifest.xml:19:5-35
uses-feature#android.hardware.microphone
ADDED from src\main\AndroidManifest.xml:22:5-24:36
	android:required
		ADDED from src\main\AndroidManifest.xml:24:9-33
	android:name
		ADDED from src\main\AndroidManifest.xml:23:9-51
uses-permission#android.permission.RECORD_AUDIO
ADDED from src\main\AndroidManifest.xml:26:5-71
	android:name
		ADDED from src\main\AndroidManifest.xml:26:22-68
uses-permission#android.permission.INTERNET
ADDED from src\main\AndroidManifest.xml:27:5-67
MERGED from [Plumble.libraries:Jumble:unspecified] AndroidManifest.xml:27:5-67
	android:name
		ADDED from src\main\AndroidManifest.xml:27:22-64
uses-permission#android.permission.READ_EXTERNAL_STORAGE
ADDED from src\main\AndroidManifest.xml:28:5-80
	android:name
		ADDED from src\main\AndroidManifest.xml:28:22-77
uses-permission#android.permission.WRITE_EXTERNAL_STORAGE
ADDED from src\main\AndroidManifest.xml:29:5-81
	android:name
		ADDED from src\main\AndroidManifest.xml:29:22-78
uses-permission#android.permission.WAKE_LOCK
ADDED from src\main\AndroidManifest.xml:30:5-68
	android:name
		ADDED from src\main\AndroidManifest.xml:30:22-65
uses-permission#android.permission.SYSTEM_ALERT_WINDOW
ADDED from src\main\AndroidManifest.xml:31:5-78
	android:name
		ADDED from src\main\AndroidManifest.xml:31:22-75
uses-permission#android.permission.VIBRATE
ADDED from src\main\AndroidManifest.xml:32:5-66
	android:name
		ADDED from src\main\AndroidManifest.xml:32:22-63
uses-permission#android.permission.MODIFY_AUDIO_SETTINGS
ADDED from src\main\AndroidManifest.xml:33:5-80
	android:name
		ADDED from src\main\AndroidManifest.xml:33:22-77
uses-permission#android.permission.BLUETOOTH
ADDED from src\main\AndroidManifest.xml:34:5-68
	android:name
		ADDED from src\main\AndroidManifest.xml:34:22-65
uses-permission#android.permission.BROADCAST_STICKY
ADDED from src\main\AndroidManifest.xml:35:5-75
	android:name
		ADDED from src\main\AndroidManifest.xml:35:22-72
application
ADDED from src\main\AndroidManifest.xml:37:5-139:19
MERGED from src\main\AndroidManifest.xml:37:5-139:19
MERGED from [Plumble.libraries:Jumble:unspecified] AndroidManifest.xml:30:5-39:19
MERGED from [com.android.support:appcompat-v7:21.0.3] AndroidManifest.xml:16:5-19
MERGED from [com.android.support:cardview-v7:21.0.3] AndroidManifest.xml:16:5-19
MERGED from [com.android.support:palette-v7:21.0.3] AndroidManifest.xml:16:5-17:19
MERGED from [com.android.support:recyclerview-v7:21.0.3] AndroidManifest.xml:17:5-19:19
MERGED from [com.android.support:support-v4:21.0.3] AndroidManifest.xml:16:5-19
	android:label
		ADDED from src\main\AndroidManifest.xml:40:9-41
		ADDED from src\main\AndroidManifest.xml:40:9-41
	android:allowBackup
		ADDED from src\main\AndroidManifest.xml:38:9-35
		ADDED from src\main\AndroidManifest.xml:38:9-35
	android:icon
		ADDED from src\main\AndroidManifest.xml:39:9-45
		ADDED from src\main\AndroidManifest.xml:39:9-45
	android:theme
		ADDED from src\main\AndroidManifest.xml:41:9-45
		ADDED from src\main\AndroidManifest.xml:41:9-45
activity#com.morlunk.mumbleclient.wizard.WizardActivity
ADDED from src\main\AndroidManifest.xml:42:9-59
	android:name
		ADDED from src\main\AndroidManifest.xml:42:19-56
activity#com.morlunk.mumbleclient.preference.Preferences
ADDED from src\main\AndroidManifest.xml:43:9-71:20
	android:parentActivityName
		ADDED from src\main\AndroidManifest.xml:45:13-62
	android:name
		ADDED from src\main\AndroidManifest.xml:44:13-51
intent-filter#android.intent.category.DEFAULT+com.morlunk.mumbleclient.app.PREFS_GENERAL
ADDED from src\main\AndroidManifest.xml:46:13-50:29
action#com.morlunk.mumbleclient.app.PREFS_GENERAL
ADDED from src\main\AndroidManifest.xml:47:17-85
	android:name
		ADDED from src\main\AndroidManifest.xml:47:25-82
category#android.intent.category.DEFAULT
ADDED from src\main\AndroidManifest.xml:49:17-76
	android:name
		ADDED from src\main\AndroidManifest.xml:49:27-73
intent-filter#android.intent.category.DEFAULT+com.morlunk.mumbleclient.app.PREFS_AUTHENTICATION
ADDED from src\main\AndroidManifest.xml:51:13-55:29
action#com.morlunk.mumbleclient.app.PREFS_AUTHENTICATION
ADDED from src\main\AndroidManifest.xml:52:17-92
	android:name
		ADDED from src\main\AndroidManifest.xml:52:25-89
intent-filter#android.intent.category.DEFAULT+com.morlunk.mumbleclient.app.PREFS_AUDIO
ADDED from src\main\AndroidManifest.xml:56:13-60:29
action#com.morlunk.mumbleclient.app.PREFS_AUDIO
ADDED from src\main\AndroidManifest.xml:57:17-83
	android:name
		ADDED from src\main\AndroidManifest.xml:57:25-80
intent-filter#android.intent.category.DEFAULT+com.morlunk.mumbleclient.app.PREFS_APPEARANCE
ADDED from src\main\AndroidManifest.xml:61:13-65:29
action#com.morlunk.mumbleclient.app.PREFS_APPEARANCE
ADDED from src\main\AndroidManifest.xml:62:17-88
	android:name
		ADDED from src\main\AndroidManifest.xml:62:25-85
intent-filter#android.intent.category.DEFAULT+com.morlunk.mumbleclient.app.PREFS_ABOUT
ADDED from src\main\AndroidManifest.xml:66:13-70:29
action#com.morlunk.mumbleclient.app.PREFS_ABOUT
ADDED from src\main\AndroidManifest.xml:67:17-83
	android:name
		ADDED from src\main\AndroidManifest.xml:67:25-80
service#com.morlunk.mumbleclient.service.PlumbleService
ADDED from src\main\AndroidManifest.xml:73:9-75:38
	android:enabled
		ADDED from src\main\AndroidManifest.xml:75:13-35
	android:name
		ADDED from src\main\AndroidManifest.xml:74:13-51
activity#com.morlunk.mumbleclient.app.PlumbleActivity
ADDED from src\main\AndroidManifest.xml:77:9-102:20
	android:label
		ADDED from src\main\AndroidManifest.xml:79:13-45
	android:launchMode
		ADDED from src\main\AndroidManifest.xml:80:13-43
	android:name
		ADDED from src\main\AndroidManifest.xml:78:13-48
intent-filter#android.intent.action.MAIN+android.intent.category.LAUNCHER
ADDED from src\main\AndroidManifest.xml:81:13-85:29
action#android.intent.action.MAIN
ADDED from src\main\AndroidManifest.xml:82:17-69
	android:name
		ADDED from src\main\AndroidManifest.xml:82:25-66
category#android.intent.category.LAUNCHER
ADDED from src\main\AndroidManifest.xml:84:17-77
	android:name
		ADDED from src\main\AndroidManifest.xml:84:27-74
intent-filter#android.intent.action.SEARCH
ADDED from src\main\AndroidManifest.xml:86:13-88:29
action#android.intent.action.SEARCH
ADDED from src\main\AndroidManifest.xml:87:17-71
	android:name
		ADDED from src\main\AndroidManifest.xml:87:25-68
meta-data#android.app.searchable
ADDED from src\main\AndroidManifest.xml:90:13-92:54
	android:resource
		ADDED from src\main\AndroidManifest.xml:92:17-51
	android:name
		ADDED from src\main\AndroidManifest.xml:91:17-54
intent-filter#android.intent.action.VIEW+android.intent.category.BROWSABLE+android.intent.category.DEFAULT
ADDED from src\main\AndroidManifest.xml:94:13-101:29
action#android.intent.action.VIEW
ADDED from src\main\AndroidManifest.xml:95:17-69
	android:name
		ADDED from src\main\AndroidManifest.xml:95:25-66
category#android.intent.category.BROWSABLE
ADDED from src\main\AndroidManifest.xml:98:17-78
	android:name
		ADDED from src\main\AndroidManifest.xml:98:27-75
data
ADDED from src\main\AndroidManifest.xml:100:17-49
	android:scheme
		ADDED from src\main\AndroidManifest.xml:100:23-46
activity#com.morlunk.mumbleclient.preference.CertificateSelectActivity
ADDED from src\main\AndroidManifest.xml:104:9-110:20
	android:theme
		ADDED from src\main\AndroidManifest.xml:105:19-75
	android:name
		ADDED from src\main\AndroidManifest.xml:104:19-71
intent-filter#android.intent.category.DEFAULT+com.morlunk.mumbleclient.app.CERTIFICATE_SELECT
ADDED from src\main\AndroidManifest.xml:106:13-109:29
action#com.morlunk.mumbleclient.app.CERTIFICATE_SELECT
ADDED from src\main\AndroidManifest.xml:107:17-90
	android:name
		ADDED from src\main\AndroidManifest.xml:107:25-87
activity#com.morlunk.mumbleclient.preference.CertificateImportActivity
ADDED from src\main\AndroidManifest.xml:111:9-117:20
	android:theme
		ADDED from src\main\AndroidManifest.xml:112:19-75
	android:name
		ADDED from src\main\AndroidManifest.xml:111:19-71
intent-filter#android.intent.category.DEFAULT+com.morlunk.mumbleclient.app.CERTIFICATE_IMPORT
ADDED from src\main\AndroidManifest.xml:113:13-116:29
action#com.morlunk.mumbleclient.app.CERTIFICATE_IMPORT
ADDED from src\main\AndroidManifest.xml:114:17-90
	android:name
		ADDED from src\main\AndroidManifest.xml:114:25-87
activity#com.morlunk.mumbleclient.preference.CertificateExportActivity
ADDED from src\main\AndroidManifest.xml:118:9-124:20
	android:theme
		ADDED from src\main\AndroidManifest.xml:119:19-75
	android:name
		ADDED from src\main\AndroidManifest.xml:118:19-71
intent-filter#android.intent.category.DEFAULT+com.morlunk.mumbleclient.app.CERTIFICATE_EXPORT
ADDED from src\main\AndroidManifest.xml:120:13-123:29
action#com.morlunk.mumbleclient.app.CERTIFICATE_EXPORT
ADDED from src\main\AndroidManifest.xml:121:17-90
	android:name
		ADDED from src\main\AndroidManifest.xml:121:25-87
activity#com.morlunk.mumbleclient.preference.CertificateGenerateActivity
ADDED from src\main\AndroidManifest.xml:125:9-131:20
	android:theme
		ADDED from src\main\AndroidManifest.xml:126:19-75
	android:name
		ADDED from src\main\AndroidManifest.xml:125:19-73
intent-filter#android.intent.category.DEFAULT+com.morlunk.mumbleclient.app.CERTIFICATE_GENERATE
ADDED from src\main\AndroidManifest.xml:127:13-130:29
action#com.morlunk.mumbleclient.app.CERTIFICATE_GENERATE
ADDED from src\main\AndroidManifest.xml:128:17-92
	android:name
		ADDED from src\main\AndroidManifest.xml:128:25-89
activity#com.morlunk.mumbleclient.preference.ServerCertificateClearActivity
ADDED from src\main\AndroidManifest.xml:132:9-138:20
	android:theme
		ADDED from src\main\AndroidManifest.xml:133:19-75
	android:name
		ADDED from src\main\AndroidManifest.xml:132:19-76
intent-filter#android.intent.category.DEFAULT+com.morlunk.mumbleclient.app.CLEAR_SERVER_CERTIFICATES
ADDED from src\main\AndroidManifest.xml:134:13-137:29
action#com.morlunk.mumbleclient.app.CLEAR_SERVER_CERTIFICATES
ADDED from src\main\AndroidManifest.xml:135:17-97
	android:name
		ADDED from src\main\AndroidManifest.xml:135:25-94
uses-sdk
INJECTED from src\main\AndroidManifest.xml reason: use-sdk injection requested
MERGED from [Plumble.libraries:Jumble:unspecified] AndroidManifest.xml:23:5-25:41
MERGED from [com.android.support:appcompat-v7:21.0.3] AndroidManifest.xml:15:5-42
MERGED from [com.android.support:cardview-v7:21.0.3] AndroidManifest.xml:15:5-42
MERGED from [com.android.support:palette-v7:21.0.3] AndroidManifest.xml:15:5-42
MERGED from [com.android.support:recyclerview-v7:21.0.3] AndroidManifest.xml:15:5-42
MERGED from [com.android.support:support-v4:21.0.3] AndroidManifest.xml:15:5-42
	android:targetSdkVersion
		INJECTED from src\main\AndroidManifest.xml
		INJECTED from src\free\AndroidManifest.xml
	android:minSdkVersion
		INJECTED from src\main\AndroidManifest.xml
		INJECTED from src\free\AndroidManifest.xml
uses-permission#android.permission.ACCESS_NETWORK_STATE
ADDED from [Plumble.libraries:Jumble:unspecified] AndroidManifest.xml:28:5-79
	android:name
		ADDED from [Plumble.libraries:Jumble:unspecified] AndroidManifest.xml:28:22-76
service#com.morlunk.jumble.JumbleService
ADDED from [Plumble.libraries:Jumble:unspecified] AndroidManifest.xml:31:9-38:19
	android:exported
		ADDED from [Plumble.libraries:Jumble:unspecified] AndroidManifest.xml:33:13-36
	android:name
		ADDED from [Plumble.libraries:Jumble:unspecified] AndroidManifest.xml:32:13-60
intent-filter#com.morlunk.jumble.ACTION_CONNECT+com.morlunk.jumble.ACTION_DISCONNECT
ADDED from [Plumble.libraries:Jumble:unspecified] AndroidManifest.xml:34:13-37:29
action#com.morlunk.jumble.ACTION_CONNECT
ADDED from [Plumble.libraries:Jumble:unspecified] AndroidManifest.xml:35:17-76
	android:name
		ADDED from [Plumble.libraries:Jumble:unspecified] AndroidManifest.xml:35:25-73
action#com.morlunk.jumble.ACTION_DISCONNECT
ADDED from [Plumble.libraries:Jumble:unspecified] AndroidManifest.xml:36:17-79
	android:name
		ADDED from [Plumble.libraries:Jumble:unspecified] AndroidManifest.xml:36:25-76
activity#android.support.v7.widget.TestActivity
ADDED from [com.android.support:recyclerview-v7:21.0.3] AndroidManifest.xml:18:9-115
	android:label
		ADDED from [com.android.support:recyclerview-v7:21.0.3] AndroidManifest.xml:18:19-59
	android:name
		ADDED from [com.android.support:recyclerview-v7:21.0.3] AndroidManifest.xml:18:60-113